[debug] [2024-12-09T15:50:53.700Z] ----------------------------------------------------------------------
[debug] [2024-12-09T15:50:53.702Z] Command:       C:\Program Files\nodejs\node.exe C:\Users\troyc\AppData\Roaming\npm\node_modules\firebase-tools\lib\bin\firebase.js init
[debug] [2024-12-09T15:50:53.702Z] CLI Version:   13.28.0
[debug] [2024-12-09T15:50:53.702Z] Platform:      win32
[debug] [2024-12-09T15:50:53.702Z] Node Version:  v20.14.0
[debug] [2024-12-09T15:50:53.702Z] Time:          Mon Dec 09 2024 16:50:53 GMT+0100 (Midden-Europese standaardtijd)
[debug] [2024-12-09T15:50:53.702Z] ----------------------------------------------------------------------
[debug] 
[debug] [2024-12-09T15:50:53.706Z] > command requires scopes: ["email","openid","https://www.googleapis.com/auth/cloudplatformprojects.readonly","https://www.googleapis.com/auth/firebase","https://www.googleapis.com/auth/cloud-platform"]
[debug] [2024-12-09T15:50:53.706Z] > authorizing via signed-in user (troycoenradie@gmail.com)
[info] 
     ######## #### ########  ######## ########     ###     ######  ########
     ##        ##  ##     ## ##       ##     ##  ##   ##  ##       ##
     ######    ##  ########  ######   ########  #########  ######  ######
     ##        ##  ##    ##  ##       ##     ## ##     ##       ## ##
     ##       #### ##     ## ######## ########  ##     ##  ######  ########

You're about to initialize a Firebase project in this directory:

  C:\Users\troyc\Pictures\Werk\code\Issie\hairdresser

[info] 
=== Project Setup
[info] 
[info] First, let's associate this project directory with a Firebase project.
[info] You can create multiple project aliases by running firebase use --add, 
[info] but for now we'll just set up a default project.
[info] 
[debug] [2024-12-09T15:52:10.273Z] Checked if tokens are valid: true, expires at: 1733762903889
[debug] [2024-12-09T15:52:10.273Z] Checked if tokens are valid: true, expires at: 1733762903889
[debug] [2024-12-09T15:52:10.274Z] >>> [apiv2][query] GET https://firebase.googleapis.com/v1beta1/projects pageSize=100
[debug] [2024-12-09T15:52:10.773Z] <<< [apiv2][status] GET https://firebase.googleapis.com/v1beta1/projects 200
[debug] [2024-12-09T15:52:10.773Z] <<< [apiv2][body] GET https://firebase.googleapis.com/v1beta1/projects [omitted]
[debug] [2024-12-09T15:53:35.123Z] ----------------------------------------------------------------------
[debug] [2024-12-09T15:53:35.125Z] Command:       C:\Program Files\nodejs\node.exe C:\Users\troyc\AppData\Roaming\npm\node_modules\firebase-tools\lib\bin\firebase.js init
[debug] [2024-12-09T15:53:35.126Z] CLI Version:   13.28.0
[debug] [2024-12-09T15:53:35.126Z] Platform:      win32
[debug] [2024-12-09T15:53:35.126Z] Node Version:  v20.14.0
[debug] [2024-12-09T15:53:35.126Z] Time:          Mon Dec 09 2024 16:53:35 GMT+0100 (Midden-Europese standaardtijd)
[debug] [2024-12-09T15:53:35.126Z] ----------------------------------------------------------------------
[debug] 
[debug] [2024-12-09T15:53:35.130Z] > command requires scopes: ["email","openid","https://www.googleapis.com/auth/cloudplatformprojects.readonly","https://www.googleapis.com/auth/firebase","https://www.googleapis.com/auth/cloud-platform"]
[debug] [2024-12-09T15:53:35.130Z] > authorizing via signed-in user (troycoenradie@gmail.com)
[info] 
     ######## #### ########  ######## ########     ###     ######  ########
     ##        ##  ##     ## ##       ##     ##  ##   ##  ##       ##
     ######    ##  ########  ######   ########  #########  ######  ######
     ##        ##  ##    ##  ##       ##     ## ##     ##       ## ##
     ##       #### ##     ## ######## ########  ##     ##  ######  ########

You're about to initialize a Firebase project in this directory:

  C:\Users\troyc\Pictures\Werk\code\Issie\hairdresser

[info] 
=== Project Setup
[info] 
[info] First, let's associate this project directory with a Firebase project.
[info] You can create multiple project aliases by running firebase use --add, 
[info] but for now we'll just set up a default project.
[info] 
[debug] [2024-12-09T16:07:49.378Z] Checked if tokens are valid: true, expires at: 1733762903889
[debug] [2024-12-09T16:07:49.378Z] Checked if tokens are valid: true, expires at: 1733762903889
[debug] [2024-12-09T16:07:49.379Z] >>> [apiv2][query] GET https://firebase.googleapis.com/v1beta1/projects pageSize=100
[debug] [2024-12-09T16:07:49.820Z] <<< [apiv2][status] GET https://firebase.googleapis.com/v1beta1/projects 200
[debug] [2024-12-09T16:07:49.820Z] <<< [apiv2][body] GET https://firebase.googleapis.com/v1beta1/projects [omitted]
[info] i  Using project hairdresser-444215 (Hairdresser) 
[info] 
=== Firestore Setup
[debug] [2024-12-09T16:07:52.189Z] Checked if tokens are valid: true, expires at: 1733762903889
[debug] [2024-12-09T16:07:52.189Z] Checked if tokens are valid: true, expires at: 1733762903889
[debug] [2024-12-09T16:07:52.189Z] >>> [apiv2][query] GET https://serviceusage.googleapis.com/v1/projects/hairdresser-444215/services/firestore.googleapis.com [none]
[debug] [2024-12-09T16:07:52.189Z] >>> [apiv2][(partial)header] GET https://serviceusage.googleapis.com/v1/projects/hairdresser-444215/services/firestore.googleapis.com x-goog-quota-user=projects/hairdresser-444215
[debug] [2024-12-09T16:07:53.055Z] <<< [apiv2][status] GET https://serviceusage.googleapis.com/v1/projects/hairdresser-444215/services/firestore.googleapis.com 200
[debug] [2024-12-09T16:07:53.055Z] <<< [apiv2][body] GET https://serviceusage.googleapis.com/v1/projects/hairdresser-444215/services/firestore.googleapis.com [omitted]
[debug] [2024-12-09T16:07:53.055Z] Checked if tokens are valid: true, expires at: 1733762903889
[debug] [2024-12-09T16:07:53.055Z] Checked if tokens are valid: true, expires at: 1733762903889
[debug] [2024-12-09T16:07:53.055Z] >>> [apiv2][query] GET https://firestore.googleapis.com/v1/projects/hairdresser-444215/databases/(default) [none]
[debug] [2024-12-09T16:07:53.207Z] <<< [apiv2][status] GET https://firestore.googleapis.com/v1/projects/hairdresser-444215/databases/(default) 404
[debug] [2024-12-09T16:07:53.207Z] <<< [apiv2][body] GET https://firestore.googleapis.com/v1/projects/hairdresser-444215/databases/(default) {"error":{"code":404,"message":"Project 'hairdresser-444215' or database '(default)' does not exist.","status":"NOT_FOUND"}}
[debug] [2024-12-09T16:07:53.208Z] error getting database type:  Request to https://firestore.googleapis.com/v1/projects/hairdresser-444215/databases/(default) had HTTP Error: 404, Project 'hairdresser-444215' or database '(default)' does not exist. {"name":"FirebaseError","children":[],"context":{"body":{"error":{"code":404,"message":"Project 'hairdresser-444215' or database '(default)' does not exist.","status":"NOT_FOUND"}},"response":{"statusCode":404}},"exit":1,"message":"Request to https://firestore.googleapis.com/v1/projects/hairdresser-444215/databases/(default) had HTTP Error: 404, Project 'hairdresser-444215' or database '(default)' does not exist.","status":404}
[info] (default) does not exist in project hairdresser-444215.
[debug] [2024-12-09T16:07:53.208Z] database_type: DATABASE_DOES_NOT_EXIST
[debug] [2024-12-09T16:08:30.359Z] Checked if tokens are valid: true, expires at: 1733762903889
[debug] [2024-12-09T16:08:30.359Z] Checked if tokens are valid: true, expires at: 1733762903889
[debug] [2024-12-09T16:08:30.359Z] >>> [apiv2][query] GET https://firestore.googleapis.com/v1/projects/hairdresser-444215/databases/hairdresser-google [none]
[debug] [2024-12-09T16:08:30.485Z] <<< [apiv2][status] GET https://firestore.googleapis.com/v1/projects/hairdresser-444215/databases/hairdresser-google 404
[debug] [2024-12-09T16:08:30.485Z] <<< [apiv2][body] GET https://firestore.googleapis.com/v1/projects/hairdresser-444215/databases/hairdresser-google {"error":{"code":404,"message":"Project 'hairdresser-444215' or database 'hairdresser-google' does not exist.","status":"NOT_FOUND"}}
[debug] [2024-12-09T16:08:30.485Z] error getting database type:  Request to https://firestore.googleapis.com/v1/projects/hairdresser-444215/databases/hairdresser-google had HTTP Error: 404, Project 'hairdresser-444215' or database 'hairdresser-google' does not exist. {"name":"FirebaseError","children":[],"context":{"body":{"error":{"code":404,"message":"Project 'hairdresser-444215' or database 'hairdresser-google' does not exist.","status":"NOT_FOUND"}},"response":{"statusCode":404}},"exit":1,"message":"Request to https://firestore.googleapis.com/v1/projects/hairdresser-444215/databases/hairdresser-google had HTTP Error: 404, Project 'hairdresser-444215' or database 'hairdresser-google' does not exist.","status":404}
[info] hairdresser-google does not exist in project hairdresser-444215.
[debug] [2024-12-09T16:08:30.485Z] database_type: DATABASE_DOES_NOT_EXIST
[debug] [2024-12-09T16:08:51.066Z] Checked if tokens are valid: true, expires at: 1733762903889
[debug] [2024-12-09T16:08:51.066Z] Checked if tokens are valid: true, expires at: 1733762903889
[debug] [2024-12-09T16:08:51.066Z] >>> [apiv2][query] GET https://firestore.googleapis.com/v1/projects/hairdresser-444215/databases/Hairdresser [none]
[debug] [2024-12-09T16:08:51.179Z] <<< [apiv2][status] GET https://firestore.googleapis.com/v1/projects/hairdresser-444215/databases/Hairdresser 404
[debug] [2024-12-09T16:08:51.179Z] <<< [apiv2][body] GET https://firestore.googleapis.com/v1/projects/hairdresser-444215/databases/Hairdresser {"error":{"code":404,"message":"Project 'hairdresser-444215' or database 'Hairdresser' does not exist.","status":"NOT_FOUND"}}
[debug] [2024-12-09T16:08:51.179Z] error getting database type:  Request to https://firestore.googleapis.com/v1/projects/hairdresser-444215/databases/Hairdresser had HTTP Error: 404, Project 'hairdresser-444215' or database 'Hairdresser' does not exist. {"name":"FirebaseError","children":[],"context":{"body":{"error":{"code":404,"message":"Project 'hairdresser-444215' or database 'Hairdresser' does not exist.","status":"NOT_FOUND"}},"response":{"statusCode":404}},"exit":1,"message":"Request to https://firestore.googleapis.com/v1/projects/hairdresser-444215/databases/Hairdresser had HTTP Error: 404, Project 'hairdresser-444215' or database 'Hairdresser' does not exist.","status":404}
[info] Hairdresser does not exist in project hairdresser-444215.
[debug] [2024-12-09T16:08:51.179Z] database_type: DATABASE_DOES_NOT_EXIST
